  CHK     include/config/kernel.release
  CHK     include/generated/uapi/linux/version.h
  DESCEND  objtool
  CHK     include/generated/utsrelease.h
  CHK     scripts/mod/devicetable-offsets.h
  CHK     include/generated/bounds.h
  CHK     include/generated/timeconst.h
  CHK     include/generated/asm-offsets.h
  CALL    scripts/checksyscalls.sh
  CHK     include/generated/compile.h
  SKIPPED include/generated/compile.h
  Building modules, stage 2.
  MODPOST 18 modules
  LD      arch/x86/boot/compressed/vmlinux
  OBJCOPY arch/x86/boot/vmlinux.bin
  ZOFFSET arch/x86/boot/zoffset.h
  AS      arch/x86/boot/header.o
  LD      arch/x86/boot/setup.elf
  OBJCOPY arch/x86/boot/setup.bin
  BUILD   arch/x86/boot/bzImage
Setup is 15644 bytes (padded to 15872 bytes).
System is 7583 kB
CRC 10e1b1fe
Kernel: arch/x86/boot/bzImage is ready  (#1)
  INSTALL drivers/thermal/x86_pkg_temp_thermal.ko
  INSTALL fs/efivarfs/efivarfs.ko
  INSTALL net/ipv4/netfilter/ipt_MASQUERADE.ko
  INSTALL net/ipv4/netfilter/iptable_nat.ko
  INSTALL net/ipv4/netfilter/nf_log_arp.ko
  INSTALL net/ipv4/netfilter/nf_log_ipv4.ko
  INSTALL net/ipv4/netfilter/nf_nat_ipv4.ko
  INSTALL net/ipv4/netfilter/nf_nat_masquerade_ipv4.ko
  INSTALL net/ipv6/netfilter/nf_log_ipv6.ko
  INSTALL net/netfilter/nf_log_common.ko
  INSTALL net/netfilter/nf_nat.ko
  INSTALL net/netfilter/nf_nat_ftp.ko
  INSTALL net/netfilter/nf_nat_irc.ko
  INSTALL net/netfilter/nf_nat_sip.ko
  INSTALL net/netfilter/xt_LOG.ko
  INSTALL net/netfilter/xt_addrtype.ko
  INSTALL net/netfilter/xt_mark.ko
  INSTALL net/netfilter/xt_nat.ko
  DEPMOD  4.15.0-rc8+
